# JRE version: Java(TM) SE Runtime Environment (8.0_121-b13) (build 1.8.0_121-b13)
# Java VM: Java HotSpot(TM) 64-Bit Server VM (25.121-b13 mixed mode linux-amd64 compressed oops)
Heap:
 PSYoungGen      total 136192K, used 9189K [0x00000000d6d80000, 0x00000000dfb80000, 0x0000000100000000)
  eden space 126976K, 0% used [0x00000000d6d80000,0x00000000d6d80000,0x00000000de980000)
  from space 9216K, 99% used [0x00000000de980000,0x00000000df2797e8,0x00000000df280000)
  to   space 8704K, 0% used [0x00000000df300000,0x00000000df300000,0x00000000dfb80000)
 ParOldGen       total 57856K, used 15510K [0x0000000084800000, 0x0000000088080000, 0x00000000d6d80000)
  object space 57856K, 26% used [0x0000000084800000,0x00000000857258a0,0x0000000088080000)
 Metaspace       used 32017K, capacity 32800K, committed 33024K, reserved 1077248K
  class space    used 4078K, capacity 4264K, committed 4352K, reserved 1048576K
GC Heap History (10 events):
Event: 1,301 GC heap after
Heap after GC invocations=3 (full 0):
 PSYoungGen      total 36864K, used 5064K [0x00000000d6d80000, 0x00000000db580000, 0x0000000100000000)
  eden space 31744K, 0% used [0x00000000d6d80000,0x00000000d6d80000,0x00000000d8c80000)
  from space 5120K, 98% used [0x00000000d8c80000,0x00000000d91722c8,0x00000000d9180000)
  to   space 5120K, 0% used [0x00000000db080000,0x00000000db080000,0x00000000db580000)
 ParOldGen       total 84992K, used 2248K [0x0000000084800000, 0x0000000089b00000, 0x00000000d6d80000)
  object space 84992K, 2% used [0x0000000084800000,0x0000000084a322f8,0x0000000089b00000)
 Metaspace       used 14605K, capacity 14754K, committed 14976K, reserved 1062912K
  class space    used 1812K, capacity 1904K, committed 1920K, reserved 1048576K
}
Event: 1,905 GC heap before
{Heap before GC invocations=4 (full 0):
 PSYoungGen      total 36864K, used 36808K [0x00000000d6d80000, 0x00000000db580000, 0x0000000100000000)
  eden space 31744K, 100% used [0x00000000d6d80000,0x00000000d8c80000,0x00000000d8c80000)
  from space 5120K, 98% used [0x00000000d8c80000,0x00000000d91722c8,0x00000000d9180000)
  to   space 5120K, 0% used [0x00000000db080000,0x00000000db080000,0x00000000db580000)
 ParOldGen       total 84992K, used 2248K [0x0000000084800000, 0x0000000089b00000, 0x00000000d6d80000)
  object space 84992K, 2% used [0x0000000084800000,0x0000000084a322f8,0x0000000089b00000)
 Metaspace       used 16266K, capacity 16528K, committed 16768K, reserved 1064960K
  class space    used 1967K, capacity 2081K, committed 2176K, reserved 1048576K
Event: 1,925 GC heap after
Heap after GC invocations=4 (full 0):
 PSYoungGen      total 68608K, used 5104K [0x00000000d6d80000, 0x00000000db580000, 0x0000000100000000)
  eden space 63488K, 0% used [0x00000000d6d80000,0x00000000d6d80000,0x00000000dab80000)
  from space 5120K, 99% used [0x00000000db080000,0x00000000db57c050,0x00000000db580000)
  to   space 5120K, 0% used [0x00000000dab80000,0x00000000dab80000,0x00000000db080000)
 ParOldGen       total 84992K, used 4156K [0x0000000084800000, 0x0000000089b00000, 0x00000000d6d80000)
  object space 84992K, 4% used [0x0000000084800000,0x0000000084c0f288,0x0000000089b00000)
 Metaspace       used 16266K, capacity 16528K, committed 16768K, reserved 1064960K
  class space    used 1967K, capacity 2081K, committed 2176K, reserved 1048576K
}
Event: 2,867 GC heap before
{Heap before GC invocations=5 (full 0):
 PSYoungGen      total 68608K, used 68592K [0x00000000d6d80000, 0x00000000db580000, 0x0000000100000000)
  eden space 63488K, 100% used [0x00000000d6d80000,0x00000000dab80000,0x00000000dab80000)
  from space 5120K, 99% used [0x00000000db080000,0x00000000db57c050,0x00000000db580000)
  to   space 5120K, 0% used [0x00000000dab80000,0x00000000dab80000,0x00000000db080000)
 ParOldGen       total 84992K, used 4156K [0x0000000084800000, 0x0000000089b00000, 0x00000000d6d80000)
  object space 84992K, 4% used [0x0000000084800000,0x0000000084c0f288,0x0000000089b00000)
 Metaspace       used 17561K, capacity 17988K, committed 18176K, reserved 1064960K
  class space    used 2081K, capacity 2200K, committed 2304K, reserved 1048576K
Event: 2,885 GC heap after
Heap after GC invocations=5 (full 0):
 PSYoungGen      total 68608K, used 5088K [0x00000000d6d80000, 0x00000000dfc80000, 0x0000000100000000)
  eden space 63488K, 0% used [0x00000000d6d80000,0x00000000d6d80000,0x00000000dab80000)
  from space 5120K, 99% used [0x00000000dab80000,0x00000000db078020,0x00000000db080000)
  to   space 9728K, 0% used [0x00000000df300000,0x00000000df300000,0x00000000dfc80000)
 ParOldGen       total 84992K, used 7467K [0x0000000084800000, 0x0000000089b00000, 0x00000000d6d80000)
  object space 84992K, 8% used [0x0000000084800000,0x0000000084f4ace0,0x0000000089b00000)
 Metaspace       used 17561K, capacity 17988K, committed 18176K, reserved 1064960K
  class space    used 2081K, capacity 2200K, committed 2304K, reserved 1048576K
}
Event: 3,182 GC heap before
{Heap before GC invocations=6 (full 0):
 PSYoungGen      total 68608K, used 25441K [0x00000000d6d80000, 0x00000000dfc80000, 0x0000000100000000)
  eden space 63488K, 32% used [0x00000000d6d80000,0x00000000d8160500,0x00000000dab80000)
  from space 5120K, 99% used [0x00000000dab80000,0x00000000db078020,0x00000000db080000)
  to   space 9728K, 0% used [0x00000000df300000,0x00000000df300000,0x00000000dfc80000)
 ParOldGen       total 84992K, used 7467K [0x0000000084800000, 0x0000000089b00000, 0x00000000d6d80000)
  object space 84992K, 8% used [0x0000000084800000,0x0000000084f4ace0,0x0000000089b00000)
 Metaspace       used 20642K, capacity 21146K, committed 21296K, reserved 1069056K
  class space    used 2500K, capacity 2634K, committed 2688K, reserved 1048576K
Event: 3,205 GC heap after
Heap after GC invocations=6 (full 0):
 PSYoungGen      total 135680K, used 6857K [0x00000000d6d80000, 0x00000000dfb80000, 0x0000000100000000)
  eden space 126976K, 0% used [0x00000000d6d80000,0x00000000d6d80000,0x00000000de980000)
  from space 8704K, 78% used [0x00000000df300000,0x00000000df9b2658,0x00000000dfb80000)
  to   space 9216K, 0% used [0x00000000de980000,0x00000000de980000,0x00000000df280000)
 ParOldGen       total 84992K, used 7475K [0x0000000084800000, 0x0000000089b00000, 0x00000000d6d80000)
  object space 84992K, 8% used [0x0000000084800000,0x0000000084f4cce0,0x0000000089b00000)
 Metaspace       used 20642K, capacity 21146K, committed 21296K, reserved 1069056K
  class space    used 2500K, capacity 2634K, committed 2688K, reserved 1048576K
}
Event: 3,205 GC heap before
{Heap before GC invocations=7 (full 1):
 PSYoungGen      total 135680K, used 6857K [0x00000000d6d80000, 0x00000000dfb80000, 0x0000000100000000)
  eden space 126976K, 0% used [0x00000000d6d80000,0x00000000d6d80000,0x00000000de980000)
  from space 8704K, 78% used [0x00000000df300000,0x00000000df9b2658,0x00000000dfb80000)
  to   space 9216K, 0% used [0x00000000de980000,0x00000000de980000,0x00000000df280000)
 ParOldGen       total 84992K, used 7475K [0x0000000084800000, 0x0000000089b00000, 0x00000000d6d80000)
  object space 84992K, 8% used [0x0000000084800000,0x0000000084f4cce0,0x0000000089b00000)
 Metaspace       used 20642K, capacity 21146K, committed 21296K, reserved 1069056K
  class space    used 2500K, capacity 2634K, committed 2688K, reserved 1048576K
Event: 3,261 GC heap after
Heap after GC invocations=7 (full 1):
 PSYoungGen      total 135680K, used 0K [0x00000000d6d80000, 0x00000000dfb80000, 0x0000000100000000)
  eden space 126976K, 0% used [0x00000000d6d80000,0x00000000d6d80000,0x00000000de980000)
  from space 8704K, 0% used [0x00000000df300000,0x00000000df300000,0x00000000dfb80000)
  to   space 9216K, 0% used [0x00000000de980000,0x00000000de980000,0x00000000df280000)
 ParOldGen       total 57856K, used 9743K [0x0000000084800000, 0x0000000088080000, 0x00000000d6d80000)
  object space 57856K, 16% used [0x0000000084800000,0x0000000085183ed8,0x0000000088080000)
 Metaspace       used 20642K, capacity 21146K, committed 21296K, reserved 1069056K
  class space    used 2500K, capacity 2634K, committed 2688K, reserved 1048576K
}
Event: 6,786 GC heap before
{Heap before GC invocations=8 (full 1):
 PSYoungGen      total 135680K, used 109455K [0x00000000d6d80000, 0x00000000dfb80000, 0x0000000100000000)
  eden space 126976K, 86% used [0x00000000d6d80000,0x00000000dd863fc0,0x00000000de980000)
  from space 8704K, 0% used [0x00000000df300000,0x00000000df300000,0x00000000dfb80000)
  to   space 9216K, 0% used [0x00000000de980000,0x00000000de980000,0x00000000df280000)
 ParOldGen       total 57856K, used 9743K [0x0000000084800000, 0x0000000088080000, 0x00000000d6d80000)
  object space 57856K, 16% used [0x0000000084800000,0x0000000085183ed8,0x0000000088080000)
 Metaspace       used 32017K, capacity 32800K, committed 33024K, reserved 1077248K
  class space    used 4078K, capacity 4264K, committed 4352K, reserved 1048576K

