# JRE version: Java(TM) SE Runtime Environment (8.0_121-b13) (build 1.8.0_121-b13)
# Java VM: Java HotSpot(TM) 64-Bit Server VM (25.121-b13 mixed mode linux-amd64 compressed oops)
Heap:
 PSYoungGen      total 132096K, used 5120K [0x00000000d6d80000, 0x00000000df380000, 0x0000000100000000)
  eden space 126976K, 0% used [0x00000000d6d80000,0x00000000d6d80000,0x00000000de980000)
  from space 5120K, 100% used [0x00000000de980000,0x00000000dee80000,0x00000000dee80000)
  to   space 5120K, 0% used [0x00000000dee80000,0x00000000dee80000,0x00000000df380000)
 ParOldGen       total 84992K, used 10562K [0x0000000084800000, 0x0000000089b00000, 0x00000000d6d80000)
  object space 84992K, 12% used [0x0000000084800000,0x00000000852508b8,0x0000000089b00000)
 Metaspace       used 20663K, capacity 21174K, committed 21296K, reserved 1069056K
  class space    used 2514K, capacity 2666K, committed 2688K, reserved 1048576K
GC Heap History (9 events):
Event: 0,644 GC heap before
{Heap before GC invocations=1 (full 0):
 PSYoungGen      total 36864K, used 31744K [0x00000000d6d80000, 0x00000000d9680000, 0x0000000100000000)
  eden space 31744K, 100% used [0x00000000d6d80000,0x00000000d8c80000,0x00000000d8c80000)
  from space 5120K, 0% used [0x00000000d9180000,0x00000000d9180000,0x00000000d9680000)
  to   space 5120K, 0% used [0x00000000d8c80000,0x00000000d8c80000,0x00000000d9180000)
 ParOldGen       total 84992K, used 0K [0x0000000084800000, 0x0000000089b00000, 0x00000000d6d80000)
  object space 84992K, 0% used [0x0000000084800000,0x0000000084800000,0x0000000089b00000)
 Metaspace       used 7833K, capacity 7980K, committed 8320K, reserved 1056768K
  class space    used 984K, capacity 1048K, committed 1152K, reserved 1048576K
Event: 0,651 GC heap after
Heap after GC invocations=1 (full 0):
 PSYoungGen      total 36864K, used 4839K [0x00000000d6d80000, 0x00000000db580000, 0x0000000100000000)
  eden space 31744K, 0% used [0x00000000d6d80000,0x00000000d6d80000,0x00000000d8c80000)
  from space 5120K, 94% used [0x00000000d8c80000,0x00000000d9139e98,0x00000000d9180000)
  to   space 5120K, 0% used [0x00000000db080000,0x00000000db080000,0x00000000db580000)
 ParOldGen       total 84992K, used 8K [0x0000000084800000, 0x0000000089b00000, 0x00000000d6d80000)
  object space 84992K, 0% used [0x0000000084800000,0x0000000084802000,0x0000000089b00000)
 Metaspace       used 7833K, capacity 7980K, committed 8320K, reserved 1056768K
  class space    used 984K, capacity 1048K, committed 1152K, reserved 1048576K
}
Event: 0,960 GC heap before
{Heap before GC invocations=2 (full 0):
 PSYoungGen      total 36864K, used 36583K [0x00000000d6d80000, 0x00000000db580000, 0x0000000100000000)
  eden space 31744K, 100% used [0x00000000d6d80000,0x00000000d8c80000,0x00000000d8c80000)
  from space 5120K, 94% used [0x00000000d8c80000,0x00000000d9139e98,0x00000000d9180000)
  to   space 5120K, 0% used [0x00000000db080000,0x00000000db080000,0x00000000db580000)
 ParOldGen       total 84992K, used 8K [0x0000000084800000, 0x0000000089b00000, 0x00000000d6d80000)
  object space 84992K, 0% used [0x0000000084800000,0x0000000084802000,0x0000000089b00000)
 Metaspace       used 11903K, capacity 12056K, committed 12160K, reserved 1060864K
  class space    used 1500K, capacity 1572K, committed 1664K, reserved 1048576K
Event: 0,969 GC heap after
Heap after GC invocations=2 (full 0):
 PSYoungGen      total 68608K, used 5115K [0x00000000d6d80000, 0x00000000db580000, 0x0000000100000000)
  eden space 63488K, 0% used [0x00000000d6d80000,0x00000000d6d80000,0x00000000dab80000)
  from space 5120K, 99% used [0x00000000db080000,0x00000000db57eec8,0x00000000db580000)
  to   space 5120K, 0% used [0x00000000dab80000,0x00000000dab80000,0x00000000db080000)
 ParOldGen       total 84992K, used 2335K [0x0000000084800000, 0x0000000089b00000, 0x00000000d6d80000)
  object space 84992K, 2% used [0x0000000084800000,0x0000000084a47e48,0x0000000089b00000)
 Metaspace       used 11903K, capacity 12056K, committed 12160K, reserved 1060864K
  class space    used 1500K, capacity 1572K, committed 1664K, reserved 1048576K
}
Event: 2,107 GC heap before
{Heap before GC invocations=3 (full 0):
 PSYoungGen      total 68608K, used 68603K [0x00000000d6d80000, 0x00000000db580000, 0x0000000100000000)
  eden space 63488K, 100% used [0x00000000d6d80000,0x00000000dab80000,0x00000000dab80000)
  from space 5120K, 99% used [0x00000000db080000,0x00000000db57eec8,0x00000000db580000)
  to   space 5120K, 0% used [0x00000000dab80000,0x00000000dab80000,0x00000000db080000)
 ParOldGen       total 84992K, used 2335K [0x0000000084800000, 0x0000000089b00000, 0x00000000d6d80000)
  object space 84992K, 2% used [0x0000000084800000,0x0000000084a47e48,0x0000000089b00000)
 Metaspace       used 16240K, capacity 16506K, committed 16768K, reserved 1064960K
  class space    used 1966K, capacity 2078K, committed 2176K, reserved 1048576K
Event: 2,124 GC heap after
Heap after GC invocations=3 (full 0):
 PSYoungGen      total 68608K, used 5104K [0x00000000d6d80000, 0x00000000df380000, 0x0000000100000000)
  eden space 63488K, 0% used [0x00000000d6d80000,0x00000000d6d80000,0x00000000dab80000)
  from space 5120K, 99% used [0x00000000dab80000,0x00000000db07c030,0x00000000db080000)
  to   space 5120K, 0% used [0x00000000dee80000,0x00000000dee80000,0x00000000df380000)
 ParOldGen       total 84992K, used 5301K [0x0000000084800000, 0x0000000089b00000, 0x00000000d6d80000)
  object space 84992K, 6% used [0x0000000084800000,0x0000000084d2d640,0x0000000089b00000)
 Metaspace       used 16240K, capacity 16506K, committed 16768K, reserved 1064960K
  class space    used 1966K, capacity 2078K, committed 2176K, reserved 1048576K
}
Event: 18,123 GC heap before
{Heap before GC invocations=4 (full 0):
 PSYoungGen      total 68608K, used 68592K [0x00000000d6d80000, 0x00000000df380000, 0x0000000100000000)
  eden space 63488K, 100% used [0x00000000d6d80000,0x00000000dab80000,0x00000000dab80000)
  from space 5120K, 99% used [0x00000000dab80000,0x00000000db07c030,0x00000000db080000)
  to   space 5120K, 0% used [0x00000000dee80000,0x00000000dee80000,0x00000000df380000)
 ParOldGen       total 84992K, used 5301K [0x0000000084800000, 0x0000000089b00000, 0x00000000d6d80000)
  object space 84992K, 6% used [0x0000000084800000,0x0000000084d2d640,0x0000000089b00000)
 Metaspace       used 17501K, capacity 17920K, committed 18176K, reserved 1064960K
  class space    used 2081K, capacity 2200K, committed 2304K, reserved 1048576K
Event: 18,219 GC heap after
Heap after GC invocations=4 (full 0):
 PSYoungGen      total 132096K, used 5088K [0x00000000d6d80000, 0x00000000df380000, 0x0000000100000000)
  eden space 126976K, 0% used [0x00000000d6d80000,0x00000000d6d80000,0x00000000de980000)
  from space 5120K, 99% used [0x00000000dee80000,0x00000000df378020,0x00000000df380000)
  to   space 5120K, 0% used [0x00000000de980000,0x00000000de980000,0x00000000dee80000)
 ParOldGen       total 84992K, used 8701K [0x0000000084800000, 0x0000000089b00000, 0x00000000d6d80000)
  object space 84992K, 10% used [0x0000000084800000,0x000000008507f7c8,0x0000000089b00000)
 Metaspace       used 17501K, capacity 17920K, committed 18176K, reserved 1064960K
  class space    used 2081K, capacity 2200K, committed 2304K, reserved 1048576K
}
Event: 23,311 GC heap before
{Heap before GC invocations=5 (full 0):
 PSYoungGen      total 132096K, used 28196K [0x00000000d6d80000, 0x00000000df380000, 0x0000000100000000)
  eden space 126976K, 18% used [0x00000000d6d80000,0x00000000d8411360,0x00000000de980000)
  from space 5120K, 99% used [0x00000000dee80000,0x00000000df378020,0x00000000df380000)
  to   space 5120K, 0% used [0x00000000de980000,0x00000000de980000,0x00000000dee80000)
 ParOldGen       total 84992K, used 8701K [0x0000000084800000, 0x0000000089b00000, 0x00000000d6d80000)
  object space 84992K, 10% used [0x0000000084800000,0x000000008507f7c8,0x0000000089b00000)
 Metaspace       used 20663K, capacity 21174K, committed 21296K, reserved 1069056K
  class space    used 2514K, capacity 2666K, committed 2688K, reserved 1048576K

